============================================================
  BTC ML Feature Engineering Pipeline
  Timeframe: 5m
  Time: 2026-02-16 06:21:40 UTC
  Log file: btc_data/btc_indicators.log
============================================================

--- Phase 1: Download ---

[1/2] Spot Klines (Binance) — full history
  Downloading all 5m spot klines...
    ... 10,000 candles (up to 2017-09-21 04:10)
    ... 20,000 candles (up to 2017-10-25 21:30)
    ... 30,000 candles (up to 2017-11-29 14:50)
    ... 40,000 candles (up to 2018-01-03 09:55)
    ... 50,000 candles (up to 2018-02-07 05:15)
    ... 60,000 candles (up to 2018-03-15 08:50)
    ... 70,000 candles (up to 2018-04-19 02:10)
    ... 80,000 candles (up to 2018-05-23 19:30)
    ... 90,000 candles (up to 2018-06-28 00:35)
    ... 100,000 candles (up to 2018-08-02 01:30)
    ... 110,000 candles (up to 2018-09-05 18:50)
    ... 120,000 candles (up to 2018-10-10 12:10)
    ... 130,000 candles (up to 2018-11-14 16:00)
    ... 140,000 candles (up to 2018-12-19 09:20)
    ... 150,000 candles (up to 2019-01-23 02:40)
    ... 160,000 candles (up to 2019-02-26 20:00)
    ... 170,000 candles (up to 2019-04-02 19:20)
    ... 180,000 candles (up to 2019-05-07 12:40)
    ... 190,000 candles (up to 2019-06-11 17:00)
    ... 200,000 candles (up to 2019-07-16 10:20)
    ... 210,000 candles (up to 2019-08-20 11:40)
    ... 220,000 candles (up to 2019-09-24 05:00)
    ... 230,000 candles (up to 2019-10-28 22:20)
    ... 240,000 candles (up to 2019-12-02 20:00)
    ... 250,000 candles (up to 2020-01-06 13:20)
    ... 260,000 candles (up to 2020-02-10 07:40)
    ... 270,000 candles (up to 2020-03-16 08:55)
    ... 280,000 candles (up to 2020-04-20 02:15)
    ... 290,000 candles (up to 2020-05-24 22:05)
    ... 300,000 candles (up to 2020-06-28 18:55)
    ... 310,000 candles (up to 2020-08-02 12:15)
    ... 320,000 candles (up to 2020-09-06 05:35)
    ... 330,000 candles (up to 2020-10-10 22:55)
    ... 340,000 candles (up to 2020-11-14 16:15)
    ... 350,000 candles (up to 2020-12-19 10:35)
    ... 360,000 candles (up to 2021-01-23 09:05)
    ... 370,000 candles (up to 2021-02-27 03:40)
    ... 380,000 candles (up to 2021-04-02 22:30)
    ... 390,000 candles (up to 2021-05-07 23:00)
    ... 400,000 candles (up to 2021-06-11 16:20)
    ... 410,000 candles (up to 2021-07-16 09:40)
    ... 420,000 candles (up to 2021-08-20 07:30)
    ... 430,000 candles (up to 2021-09-24 00:50)
    ... 440,000 candles (up to 2021-10-28 20:10)
    ... 450,000 candles (up to 2021-12-02 13:30)
    ... 460,000 candles (up to 2022-01-06 06:50)
    ... 470,000 candles (up to 2022-02-10 00:10)
    ... 480,000 candles (up to 2022-03-16 17:30)
    ... 490,000 candles (up to 2022-04-20 10:50)
    ... 500,000 candles (up to 2022-05-25 04:10)
    ... 510,000 candles (up to 2022-06-28 21:30)
    ... 520,000 candles (up to 2022-08-02 14:50)
    ... 530,000 candles (up to 2022-09-06 08:10)
    ... 540,000 candles (up to 2022-10-11 01:30)
    ... 550,000 candles (up to 2022-11-14 18:50)
    ... 560,000 candles (up to 2022-12-19 12:10)
    ... 570,000 candles (up to 2023-01-23 05:30)
    ... 580,000 candles (up to 2023-02-26 22:50)
    ... 590,000 candles (up to 2023-04-02 17:30)
    ... 600,000 candles (up to 2023-05-07 10:50)
    ... 610,000 candles (up to 2023-06-11 04:10)
    ... 620,000 candles (up to 2023-07-15 21:30)
    ... 630,000 candles (up to 2023-08-19 14:50)
    ... 640,000 candles (up to 2023-09-23 08:10)
    ... 650,000 candles (up to 2023-10-28 01:30)
    ... 660,000 candles (up to 2023-12-01 18:50)
    ... 670,000 candles (up to 2024-01-05 12:10)
    ... 680,000 candles (up to 2024-02-09 05:30)
    ... 690,000 candles (up to 2024-03-14 22:50)
    ... 700,000 candles (up to 2024-04-18 16:10)
    ... 710,000 candles (up to 2024-05-23 09:30)
    ... 720,000 candles (up to 2024-06-27 02:50)
    ... 730,000 candles (up to 2024-07-31 20:10)
    ... 740,000 candles (up to 2024-09-04 13:30)
    ... 750,000 candles (up to 2024-10-09 06:50)
    ... 760,000 candles (up to 2024-11-13 00:10)
    ... 770,000 candles (up to 2024-12-17 17:30)
    ... 780,000 candles (up to 2025-01-21 10:50)
    ... 790,000 candles (up to 2025-02-25 04:10)
    ... 800,000 candles (up to 2025-03-31 21:30)
    ... 810,000 candles (up to 2025-05-05 14:50)
    ... 820,000 candles (up to 2025-06-09 08:10)
    ... 830,000 candles (up to 2025-07-14 01:30)
    ... 840,000 candles (up to 2025-08-17 18:50)
    ... 850,000 candles (up to 2025-09-21 12:10)
    ... 860,000 candles (up to 2025-10-26 05:30)
    ... 870,000 candles (up to 2025-11-29 22:50)
    ... 880,000 candles (up to 2026-01-03 16:10)
    ... 890,000 candles (up to 2026-02-07 09:30)
    Total: 892,554 candles  (893 requests)
  Saved raw spot klines -> btc_data/raw_spot_klines.csv (892,554 rows)
  [check] raw_spot_klines: 892,554 rows, 11 cols
  [check] raw_spot_klines: date range 2017-08-17 04:00 UTC .. 2026-02-16 06:20 UTC

[2/2] Futures Klines (Binance) — full history
  Downloading all 5m futures klines...
    ... 10,000 candles (up to 2019-10-13 11:10)
    ... 20,000 candles (up to 2019-11-17 04:30)
    ... 30,000 candles (up to 2019-12-21 21:50)
    ... 40,000 candles (up to 2020-01-25 15:10)
    ... 50,000 candles (up to 2020-02-29 08:30)
    ... 60,000 candles (up to 2020-04-04 01:50)
    ... 70,000 candles (up to 2020-05-08 19:10)
    ... 80,000 candles (up to 2020-06-12 12:30)
    ... 90,000 candles (up to 2020-07-17 05:50)
    ... 100,000 candles (up to 2020-08-20 23:10)
    ... 110,000 candles (up to 2020-09-24 16:30)
    ... 120,000 candles (up to 2020-10-29 09:50)
    ... 130,000 candles (up to 2020-12-03 03:10)
    ... 140,000 candles (up to 2021-01-06 20:30)
    ... 150,000 candles (up to 2021-02-10 13:50)
    ... 160,000 candles (up to 2021-03-17 07:10)
    ... 170,000 candles (up to 2021-04-21 00:30)
    ... 180,000 candles (up to 2021-05-25 17:50)
    ... 190,000 candles (up to 2021-06-29 11:10)
    ... 200,000 candles (up to 2021-08-03 04:30)
    ... 210,000 candles (up to 2021-09-06 21:50)
    ... 220,000 candles (up to 2021-10-11 15:10)
    ... 230,000 candles (up to 2021-11-15 08:30)
    ... 240,000 candles (up to 2021-12-20 01:50)
    ... 250,000 candles (up to 2022-01-23 19:10)
    ... 260,000 candles (up to 2022-02-27 12:30)
    ... 270,000 candles (up to 2022-04-03 05:50)
    ... 280,000 candles (up to 2022-05-07 23:10)
    ... 290,000 candles (up to 2022-06-11 16:30)
    ... 300,000 candles (up to 2022-07-16 09:50)
    ... 310,000 candles (up to 2022-08-20 03:10)
    ... 320,000 candles (up to 2022-09-23 20:30)
    ... 330,000 candles (up to 2022-10-28 13:50)
    ... 340,000 candles (up to 2022-12-02 07:10)
    ... 350,000 candles (up to 2023-01-06 00:30)
    ... 360,000 candles (up to 2023-02-09 17:50)
    ... 370,000 candles (up to 2023-03-16 11:10)
    ... 380,000 candles (up to 2023-04-20 04:30)
    ... 390,000 candles (up to 2023-05-24 21:50)
    ... 400,000 candles (up to 2023-06-28 15:10)
    ... 410,000 candles (up to 2023-08-02 08:30)
    ... 420,000 candles (up to 2023-09-06 01:50)
    ... 430,000 candles (up to 2023-10-10 19:10)
    ... 440,000 candles (up to 2023-11-14 12:30)
    ... 450,000 candles (up to 2023-12-19 05:50)
    ... 460,000 candles (up to 2024-01-22 23:10)
    ... 470,000 candles (up to 2024-02-26 16:30)
    ... 480,000 candles (up to 2024-04-01 09:50)
    ... 490,000 candles (up to 2024-05-06 03:10)
    ... 500,000 candles (up to 2024-06-09 20:30)
    ... 510,000 candles (up to 2024-07-14 13:50)
    ... 520,000 candles (up to 2024-08-18 07:10)
    ... 530,000 candles (up to 2024-09-22 00:30)
    ... 540,000 candles (up to 2024-10-26 17:50)
    ... 550,000 candles (up to 2024-11-30 11:10)
    ... 560,000 candles (up to 2025-01-04 04:30)
    ... 570,000 candles (up to 2025-02-07 21:50)
    ... 580,000 candles (up to 2025-03-14 15:10)
    ... 590,000 candles (up to 2025-04-18 08:30)
    ... 600,000 candles (up to 2025-05-23 01:50)
    ... 610,000 candles (up to 2025-06-26 19:10)
    ... 620,000 candles (up to 2025-07-31 12:30)
    ... 630,000 candles (up to 2025-09-04 05:50)
    ... 640,000 candles (up to 2025-10-08 23:10)
    ... 650,000 candles (up to 2025-11-12 16:30)
    ... 660,000 candles (up to 2025-12-17 09:50)
    ... 670,000 candles (up to 2026-01-21 03:10)
    Total: 677,528 candles  (678 requests)
  Saved raw futures klines -> btc_data/raw_futures_klines.csv (677,528 rows)
  [check] raw_futures_klines: 677,528 rows, 11 cols
  [check] raw_futures_klines: date range 2019-09-08 17:55 UTC .. 2026-02-16 06:30 UTC

--- Phase 2: Feature Engineering ---

Building ML feature table...
  Step 1: Building spot DataFrame...
    Spot DataFrame: 892,554 rows
  Step 2: Adding TA indicators (~80 features)...
