============================================================
  BTC ML Feature Engineering Pipeline
  Timeframe: 5m
  Time: 2026-02-16 06:47:46 UTC
  Log file: btc_data/btc_indicators.log
============================================================

--- Phase 1: Download ---

[1/2] Spot Klines (Binance) — full history
  Downloading all 5m spot klines...
    ... 10,000 candles (up to 2017-09-21 04:10)
    ... 20,000 candles (up to 2017-10-25 21:30)
    ... 30,000 candles (up to 2017-11-29 14:50)
    ... 40,000 candles (up to 2018-01-03 09:55)
    ... 50,000 candles (up to 2018-02-07 05:15)
    ... 60,000 candles (up to 2018-03-15 08:50)
    ... 70,000 candles (up to 2018-04-19 02:10)
    ... 80,000 candles (up to 2018-05-23 19:30)
    ... 90,000 candles (up to 2018-06-28 00:35)
    ... 100,000 candles (up to 2018-08-02 01:30)
    ... 110,000 candles (up to 2018-09-05 18:50)
    ... 120,000 candles (up to 2018-10-10 12:10)
    ... 130,000 candles (up to 2018-11-14 16:00)
    ... 140,000 candles (up to 2018-12-19 09:20)
    ... 150,000 candles (up to 2019-01-23 02:40)
    ... 160,000 candles (up to 2019-02-26 20:00)
    ... 170,000 candles (up to 2019-04-02 19:20)
